# JRE version: OpenJDK Runtime Environment (11.0.11+9) (build 11.0.11+9-b60-7590822)
# Java VM: OpenJDK 64-Bit Server VM (11.0.11+9-b60-7590822, mixed mode, tiered, compressed oops, g1 gc, windows-amd64)
Heap:
 garbage-first heap   total 260096K, used 104212K [0x0000000080000000, 0x0000000100000000)
  region size 1024K, 34 young (34816K), 9 survivors (9216K)
 Metaspace       used 68164K, capacity 69908K, committed 70092K, reserved 1110016K
  class space    used 8833K, capacity 9413K, committed 9472K, reserved 1048576K
GC Heap History (16 events):
Event: 0.556 GC heap before
{Heap before GC invocations=0 (full 0):
 garbage-first heap   total 260096K, used 27648K [0x0000000080000000, 0x0000000100000000)
  region size 1024K, 22 young (22528K), 0 survivors (0K)
 Metaspace       used 9780K, capacity 9932K, committed 10112K, reserved 1058816K
  class space    used 1012K, capacity 1060K, committed 1152K, reserved 1048576K
}
Event: 0.559 GC heap after
{Heap after GC invocations=1 (full 0):
 garbage-first heap   total 260096K, used 8283K [0x0000000080000000, 0x0000000100000000)
  region size 1024K, 3 young (3072K), 3 survivors (3072K)
 Metaspace       used 9780K, capacity 9932K, committed 10112K, reserved 1058816K
  class space    used 1012K, capacity 1060K, committed 1152K, reserved 1048576K
}
Event: 1.742 GC heap before
{Heap before GC invocations=1 (full 0):
 garbage-first heap   total 260096K, used 95323K [0x0000000080000000, 0x0000000100000000)
  region size 1024K, 90 young (92160K), 3 survivors (3072K)
 Metaspace       used 20585K, capacity 21092K, committed 21248K, reserved 1067008K
  class space    used 2521K, capacity 2721K, committed 2816K, reserved 1048576K
}
Event: 1.748 GC heap after
{Heap after GC invocations=2 (full 0):
 garbage-first heap   total 260096K, used 16187K [0x0000000080000000, 0x0000000100000000)
  region size 1024K, 11 young (11264K), 11 survivors (11264K)
 Metaspace       used 20585K, capacity 21092K, committed 21248K, reserved 1067008K
  class space    used 2521K, capacity 2721K, committed 2816K, reserved 1048576K
}
Event: 2.284 GC heap before
{Heap before GC invocations=3 (full 0):
 garbage-first heap   total 260096K, used 85819K [0x0000000080000000, 0x0000000100000000)
  region size 1024K, 70 young (71680K), 11 survivors (11264K)
 Metaspace       used 26613K, capacity 27400K, committed 27648K, reserved 1073152K
  class space    used 3479K, capacity 3759K, committed 3840K, reserved 1048576K
}
Event: 2.292 GC heap after
{Heap after GC invocations=4 (full 0):
 garbage-first heap   total 260096K, used 31249K [0x0000000080000000, 0x0000000100000000)
  region size 1024K, 7 young (7168K), 7 survivors (7168K)
 Metaspace       used 26613K, capacity 27400K, committed 27648K, reserved 1073152K
  class space    used 3479K, capacity 3759K, committed 3840K, reserved 1048576K
}
Event: 2.745 GC heap before
{Heap before GC invocations=4 (full 0):
 garbage-first heap   total 260096K, used 78353K [0x0000000080000000, 0x0000000100000000)
  region size 1024K, 54 young (55296K), 7 survivors (7168K)
 Metaspace       used 34950K, capacity 35758K, committed 35840K, reserved 1081344K
  class space    used 4556K, capacity 4844K, committed 4864K, reserved 1048576K
}
Event: 2.751 GC heap after
{Heap after GC invocations=5 (full 0):
 garbage-first heap   total 260096K, used 34092K [0x0000000080000000, 0x0000000100000000)
  region size 1024K, 10 young (10240K), 10 survivors (10240K)
 Metaspace       used 34950K, capacity 35758K, committed 35840K, reserved 1081344K
  class space    used 4556K, capacity 4844K, committed 4864K, reserved 1048576K
}
Event: 3.610 GC heap before
{Heap before GC invocations=6 (full 0):
 garbage-first heap   total 260096K, used 144684K [0x0000000080000000, 0x0000000100000000)
  region size 1024K, 108 young (110592K), 10 survivors (10240K)
 Metaspace       used 44079K, capacity 45233K, committed 45388K, reserved 1089536K
  class space    used 5625K, capacity 5988K, committed 6016K, reserved 1048576K
}
Event: 3.620 GC heap after
{Heap after GC invocations=7 (full 0):
 garbage-first heap   total 260096K, used 51198K [0x0000000080000000, 0x0000000100000000)
  region size 1024K, 13 young (13312K), 13 survivors (13312K)
 Metaspace       used 44079K, capacity 45233K, committed 45388K, reserved 1089536K
  class space    used 5625K, capacity 5988K, committed 6016K, reserved 1048576K
}
Event: 5.002 GC heap before
{Heap before GC invocations=7 (full 0):
 garbage-first heap   total 260096K, used 194558K [0x0000000080000000, 0x0000000100000000)
  region size 1024K, 147 young (150528K), 13 survivors (13312K)
 Metaspace       used 54552K, capacity 56155K, committed 56396K, reserved 1097728K
  class space    used 6944K, capacity 7443K, committed 7552K, reserved 1048576K
}
Event: 5.017 GC heap after
{Heap after GC invocations=8 (full 0):
 garbage-first heap   total 260096K, used 69846K [0x0000000080000000, 0x0000000100000000)
  region size 1024K, 19 young (19456K), 19 survivors (19456K)
 Metaspace       used 54552K, capacity 56155K, committed 56396K, reserved 1097728K
  class space    used 6944K, capacity 7443K, committed 7552K, reserved 1048576K
}
Event: 5.325 GC heap before
{Heap before GC invocations=8 (full 0):
 garbage-first heap   total 260096K, used 100566K [0x0000000080000000, 0x0000000100000000)
  region size 1024K, 50 young (51200K), 19 survivors (19456K)
 Metaspace       used 58570K, capacity 60141K, committed 60236K, reserved 1101824K
  class space    used 7466K, capacity 8004K, committed 8064K, reserved 1048576K
}
Event: 5.339 GC heap after
{Heap after GC invocations=9 (full 0):
 garbage-first heap   total 260096K, used 74963K [0x0000000080000000, 0x0000000100000000)
  region size 1024K, 5 young (5120K), 5 survivors (5120K)
 Metaspace       used 58570K, capacity 60141K, committed 60236K, reserved 1101824K
  class space    used 7466K, capacity 8004K, committed 8064K, reserved 1048576K
}
Event: 5.962 GC heap before
{Heap before GC invocations=10 (full 0):
 garbage-first heap   total 260096K, used 157907K [0x0000000080000000, 0x0000000100000000)
  region size 1024K, 86 young (88064K), 5 survivors (5120K)
 Metaspace       used 64937K, capacity 66646K, committed 66892K, reserved 1107968K
  class space    used 8228K, capacity 8795K, committed 8832K, reserved 1048576K
}
Event: 5.969 GC heap after
{Heap after GC invocations=11 (full 0):
 garbage-first heap   total 260096K, used 79636K [0x0000000080000000, 0x0000000100000000)
  region size 1024K, 9 young (9216K), 9 survivors (9216K)
 Metaspace       used 64937K, capacity 66646K, committed 66892K, reserved 1107968K
  class space    used 8228K, capacity 8795K, committed 8832K, reserved 1048576K
}

